Linked: (/home/andressa/Documents/TCC-Andressa/ROS/workspace/devel/.private/robotiq_85_msgs/lib/python2.7/dist-packages/robotiq_85_msgs/__init__.py, /home/andressa/Documents/TCC-Andressa/ROS/workspace/devel/lib/python2.7/dist-packages/robotiq_85_msgs/__init__.py)
Linked: (/home/andressa/Documents/TCC-Andressa/ROS/workspace/devel/.private/robotiq_85_msgs/lib/python2.7/dist-packages/robotiq_85_msgs/msg/_GripperStat.py, /home/andressa/Documents/TCC-Andressa/ROS/workspace/devel/lib/python2.7/dist-packages/robotiq_85_msgs/msg/_GripperStat.py)
Linked: (/home/andressa/Documents/TCC-Andressa/ROS/workspace/devel/.private/robotiq_85_msgs/lib/python2.7/dist-packages/robotiq_85_msgs/msg/__init__.py, /home/andressa/Documents/TCC-Andressa/ROS/workspace/devel/lib/python2.7/dist-packages/robotiq_85_msgs/msg/__init__.py)
Linked: (/home/andressa/Documents/TCC-Andressa/ROS/workspace/devel/.private/robotiq_85_msgs/lib/python2.7/dist-packages/robotiq_85_msgs/msg/_GripperCmd.py, /home/andressa/Documents/TCC-Andressa/ROS/workspace/devel/lib/python2.7/dist-packages/robotiq_85_msgs/msg/_GripperCmd.py)
Linked: (/home/andressa/Documents/TCC-Andressa/ROS/workspace/devel/.private/robotiq_85_msgs/lib/pkgconfig/robotiq_85_msgs.pc, /home/andressa/Documents/TCC-Andressa/ROS/workspace/devel/lib/pkgconfig/robotiq_85_msgs.pc)
Linked: (/home/andressa/Documents/TCC-Andressa/ROS/workspace/devel/.private/robotiq_85_msgs/share/common-lisp/ros/robotiq_85_msgs/msg/_package_GripperCmd.lisp, /home/andressa/Documents/TCC-Andressa/ROS/workspace/devel/share/common-lisp/ros/robotiq_85_msgs/msg/_package_GripperCmd.lisp)
Linked: (/home/andressa/Documents/TCC-Andressa/ROS/workspace/devel/.private/robotiq_85_msgs/share/common-lisp/ros/robotiq_85_msgs/msg/GripperCmd.lisp, /home/andressa/Documents/TCC-Andressa/ROS/workspace/devel/share/common-lisp/ros/robotiq_85_msgs/msg/GripperCmd.lisp)
Linked: (/home/andressa/Documents/TCC-Andressa/ROS/workspace/devel/.private/robotiq_85_msgs/share/common-lisp/ros/robotiq_85_msgs/msg/_package_GripperStat.lisp, /home/andressa/Documents/TCC-Andressa/ROS/workspace/devel/share/common-lisp/ros/robotiq_85_msgs/msg/_package_GripperStat.lisp)
Linked: (/home/andressa/Documents/TCC-Andressa/ROS/workspace/devel/.private/robotiq_85_msgs/share/common-lisp/ros/robotiq_85_msgs/msg/_package.lisp, /home/andressa/Documents/TCC-Andressa/ROS/workspace/devel/share/common-lisp/ros/robotiq_85_msgs/msg/_package.lisp)
Linked: (/home/andressa/Documents/TCC-Andressa/ROS/workspace/devel/.private/robotiq_85_msgs/share/common-lisp/ros/robotiq_85_msgs/msg/GripperStat.lisp, /home/andressa/Documents/TCC-Andressa/ROS/workspace/devel/share/common-lisp/ros/robotiq_85_msgs/msg/GripperStat.lisp)
Linked: (/home/andressa/Documents/TCC-Andressa/ROS/workspace/devel/.private/robotiq_85_msgs/share/common-lisp/ros/robotiq_85_msgs/msg/robotiq_85_msgs-msg.asd, /home/andressa/Documents/TCC-Andressa/ROS/workspace/devel/share/common-lisp/ros/robotiq_85_msgs/msg/robotiq_85_msgs-msg.asd)
Linked: (/home/andressa/Documents/TCC-Andressa/ROS/workspace/devel/.private/robotiq_85_msgs/share/roseus/ros/robotiq_85_msgs/manifest.l, /home/andressa/Documents/TCC-Andressa/ROS/workspace/devel/share/roseus/ros/robotiq_85_msgs/manifest.l)
Linked: (/home/andressa/Documents/TCC-Andressa/ROS/workspace/devel/.private/robotiq_85_msgs/share/roseus/ros/robotiq_85_msgs/msg/GripperCmd.l, /home/andressa/Documents/TCC-Andressa/ROS/workspace/devel/share/roseus/ros/robotiq_85_msgs/msg/GripperCmd.l)
Linked: (/home/andressa/Documents/TCC-Andressa/ROS/workspace/devel/.private/robotiq_85_msgs/share/roseus/ros/robotiq_85_msgs/msg/GripperStat.l, /home/andressa/Documents/TCC-Andressa/ROS/workspace/devel/share/roseus/ros/robotiq_85_msgs/msg/GripperStat.l)
Linked: (/home/andressa/Documents/TCC-Andressa/ROS/workspace/devel/.private/robotiq_85_msgs/share/robotiq_85_msgs/cmake/robotiq_85_msgsConfig-version.cmake, /home/andressa/Documents/TCC-Andressa/ROS/workspace/devel/share/robotiq_85_msgs/cmake/robotiq_85_msgsConfig-version.cmake)
Linked: (/home/andressa/Documents/TCC-Andressa/ROS/workspace/devel/.private/robotiq_85_msgs/share/robotiq_85_msgs/cmake/robotiq_85_msgs-msg-extras.cmake, /home/andressa/Documents/TCC-Andressa/ROS/workspace/devel/share/robotiq_85_msgs/cmake/robotiq_85_msgs-msg-extras.cmake)
Linked: (/home/andressa/Documents/TCC-Andressa/ROS/workspace/devel/.private/robotiq_85_msgs/share/robotiq_85_msgs/cmake/robotiq_85_msgs-msg-paths.cmake, /home/andressa/Documents/TCC-Andressa/ROS/workspace/devel/share/robotiq_85_msgs/cmake/robotiq_85_msgs-msg-paths.cmake)
Linked: (/home/andressa/Documents/TCC-Andressa/ROS/workspace/devel/.private/robotiq_85_msgs/share/robotiq_85_msgs/cmake/robotiq_85_msgsConfig.cmake, /home/andressa/Documents/TCC-Andressa/ROS/workspace/devel/share/robotiq_85_msgs/cmake/robotiq_85_msgsConfig.cmake)
Linked: (/home/andressa/Documents/TCC-Andressa/ROS/workspace/devel/.private/robotiq_85_msgs/share/gennodejs/ros/robotiq_85_msgs/_index.js, /home/andressa/Documents/TCC-Andressa/ROS/workspace/devel/share/gennodejs/ros/robotiq_85_msgs/_index.js)
Linked: (/home/andressa/Documents/TCC-Andressa/ROS/workspace/devel/.private/robotiq_85_msgs/share/gennodejs/ros/robotiq_85_msgs/msg/_index.js, /home/andressa/Documents/TCC-Andressa/ROS/workspace/devel/share/gennodejs/ros/robotiq_85_msgs/msg/_index.js)
Linked: (/home/andressa/Documents/TCC-Andressa/ROS/workspace/devel/.private/robotiq_85_msgs/share/gennodejs/ros/robotiq_85_msgs/msg/GripperCmd.js, /home/andressa/Documents/TCC-Andressa/ROS/workspace/devel/share/gennodejs/ros/robotiq_85_msgs/msg/GripperCmd.js)
Linked: (/home/andressa/Documents/TCC-Andressa/ROS/workspace/devel/.private/robotiq_85_msgs/share/gennodejs/ros/robotiq_85_msgs/msg/GripperStat.js, /home/andressa/Documents/TCC-Andressa/ROS/workspace/devel/share/gennodejs/ros/robotiq_85_msgs/msg/GripperStat.js)
Linked: (/home/andressa/Documents/TCC-Andressa/ROS/workspace/devel/.private/robotiq_85_msgs/include/robotiq_85_msgs/GripperCmd.h, /home/andressa/Documents/TCC-Andressa/ROS/workspace/devel/include/robotiq_85_msgs/GripperCmd.h)
Linked: (/home/andressa/Documents/TCC-Andressa/ROS/workspace/devel/.private/robotiq_85_msgs/include/robotiq_85_msgs/GripperStat.h, /home/andressa/Documents/TCC-Andressa/ROS/workspace/devel/include/robotiq_85_msgs/GripperStat.h)
