Symlinking /home/andressa/Documents/TCC-Andressa/ROS/workspace/devel/lib/python2.7/dist-packages/robotiq_85_msgs/__init__.py
Symlinking /home/andressa/Documents/TCC-Andressa/ROS/workspace/devel/lib/python2.7/dist-packages/robotiq_85_msgs/msg/_GripperStat.py
Symlinking /home/andressa/Documents/TCC-Andressa/ROS/workspace/devel/lib/python2.7/dist-packages/robotiq_85_msgs/msg/__init__.py
Symlinking /home/andressa/Documents/TCC-Andressa/ROS/workspace/devel/lib/python2.7/dist-packages/robotiq_85_msgs/msg/_GripperCmd.py
Symlinking /home/andressa/Documents/TCC-Andressa/ROS/workspace/devel/lib/pkgconfig/robotiq_85_msgs.pc
Symlinking /home/andressa/Documents/TCC-Andressa/ROS/workspace/devel/share/common-lisp/ros/robotiq_85_msgs/msg/_package_GripperCmd.lisp
Symlinking /home/andressa/Documents/TCC-Andressa/ROS/workspace/devel/share/common-lisp/ros/robotiq_85_msgs/msg/GripperCmd.lisp
Symlinking /home/andressa/Documents/TCC-Andressa/ROS/workspace/devel/share/common-lisp/ros/robotiq_85_msgs/msg/_package_GripperStat.lisp
Symlinking /home/andressa/Documents/TCC-Andressa/ROS/workspace/devel/share/common-lisp/ros/robotiq_85_msgs/msg/_package.lisp
Symlinking /home/andressa/Documents/TCC-Andressa/ROS/workspace/devel/share/common-lisp/ros/robotiq_85_msgs/msg/GripperStat.lisp
Symlinking /home/andressa/Documents/TCC-Andressa/ROS/workspace/devel/share/common-lisp/ros/robotiq_85_msgs/msg/robotiq_85_msgs-msg.asd
Symlinking /home/andressa/Documents/TCC-Andressa/ROS/workspace/devel/share/roseus/ros/robotiq_85_msgs/manifest.l
Symlinking /home/andressa/Documents/TCC-Andressa/ROS/workspace/devel/share/roseus/ros/robotiq_85_msgs/msg/GripperCmd.l
Symlinking /home/andressa/Documents/TCC-Andressa/ROS/workspace/devel/share/roseus/ros/robotiq_85_msgs/msg/GripperStat.l
Symlinking /home/andressa/Documents/TCC-Andressa/ROS/workspace/devel/share/robotiq_85_msgs/cmake/robotiq_85_msgsConfig-version.cmake
Symlinking /home/andressa/Documents/TCC-Andressa/ROS/workspace/devel/share/robotiq_85_msgs/cmake/robotiq_85_msgs-msg-extras.cmake
Symlinking /home/andressa/Documents/TCC-Andressa/ROS/workspace/devel/share/robotiq_85_msgs/cmake/robotiq_85_msgs-msg-paths.cmake
Symlinking /home/andressa/Documents/TCC-Andressa/ROS/workspace/devel/share/robotiq_85_msgs/cmake/robotiq_85_msgsConfig.cmake
Symlinking /home/andressa/Documents/TCC-Andressa/ROS/workspace/devel/share/gennodejs/ros/robotiq_85_msgs/_index.js
Symlinking /home/andressa/Documents/TCC-Andressa/ROS/workspace/devel/share/gennodejs/ros/robotiq_85_msgs/msg/_index.js
Symlinking /home/andressa/Documents/TCC-Andressa/ROS/workspace/devel/share/gennodejs/ros/robotiq_85_msgs/msg/GripperCmd.js
Symlinking /home/andressa/Documents/TCC-Andressa/ROS/workspace/devel/share/gennodejs/ros/robotiq_85_msgs/msg/GripperStat.js
Symlinking /home/andressa/Documents/TCC-Andressa/ROS/workspace/devel/include/robotiq_85_msgs/GripperCmd.h
Symlinking /home/andressa/Documents/TCC-Andressa/ROS/workspace/devel/include/robotiq_85_msgs/GripperStat.h
