Performing C SOURCE FILE Test CMAKE_HAVE_LIBC_PTHREAD failed with the following output:
Change Dir: /home/andressa/Documents/TCC-Andressa/ROS/workspace/build/roboticsgroup_gazebo_plugins/CMakeFiles/CMakeTmp

Run Build Command(s):/usr/bin/make cmTC_d49df/fast && /usr/bin/make  -f CMakeFiles/cmTC_d49df.dir/build.make CMakeFiles/cmTC_d49df.dir/build
make[1]: Entering directory '/home/andressa/Documents/TCC-Andressa/ROS/workspace/build/roboticsgroup_gazebo_plugins/CMakeFiles/CMakeTmp'
Building C object CMakeFiles/cmTC_d49df.dir/src.c.o
/usr/bin/cc   -DCMAKE_HAVE_LIBC_PTHREAD -o CMakeFiles/cmTC_d49df.dir/src.c.o -c /home/andressa/Documents/TCC-Andressa/ROS/workspace/build/roboticsgroup_gazebo_plugins/CMakeFiles/CMakeTmp/src.c
Linking C executable cmTC_d49df
/usr/bin/cmake -E cmake_link_script CMakeFiles/cmTC_d49df.dir/link.txt --verbose=1
/usr/bin/cc  -DCMAKE_HAVE_LIBC_PTHREAD -rdynamic CMakeFiles/cmTC_d49df.dir/src.c.o -o cmTC_d49df 
CMakeFiles/cmTC_d49df.dir/src.c.o: In function `main':
src.c:(.text+0x3e): undefined reference to `pthread_create'
src.c:(.text+0x4a): undefined reference to `pthread_detach'
src.c:(.text+0x56): undefined reference to `pthread_cancel'
src.c:(.text+0x67): undefined reference to `pthread_join'
src.c:(.text+0x7b): undefined reference to `pthread_atfork'
collect2: error: ld returned 1 exit status
CMakeFiles/cmTC_d49df.dir/build.make:105: recipe for target 'cmTC_d49df' failed
make[1]: *** [cmTC_d49df] Error 1
make[1]: Leaving directory '/home/andressa/Documents/TCC-Andressa/ROS/workspace/build/roboticsgroup_gazebo_plugins/CMakeFiles/CMakeTmp'
Makefile:140: recipe for target 'cmTC_d49df/fast' failed
make: *** [cmTC_d49df/fast] Error 2


Source file was:
#include <pthread.h>

void* test_func(void* data)
{
  return data;
}

int main(void)
{
  pthread_t thread;
  pthread_create(&thread, NULL, test_func, NULL);
  pthread_detach(thread);
  pthread_cancel(thread);
  pthread_join(thread, NULL);
  pthread_atfork(NULL, NULL, NULL);
  pthread_exit(NULL);

  return 0;
}

Determining if the function pthread_create exists in the pthreads failed with the following output:
Change Dir: /home/andressa/Documents/TCC-Andressa/ROS/workspace/build/roboticsgroup_gazebo_plugins/CMakeFiles/CMakeTmp

Run Build Command(s):/usr/bin/make cmTC_66028/fast && /usr/bin/make  -f CMakeFiles/cmTC_66028.dir/build.make CMakeFiles/cmTC_66028.dir/build
make[1]: Entering directory '/home/andressa/Documents/TCC-Andressa/ROS/workspace/build/roboticsgroup_gazebo_plugins/CMakeFiles/CMakeTmp'
Building C object CMakeFiles/cmTC_66028.dir/CheckFunctionExists.c.o
/usr/bin/cc   -DCHECK_FUNCTION_EXISTS=pthread_create -o CMakeFiles/cmTC_66028.dir/CheckFunctionExists.c.o -c /usr/share/cmake-3.18/Modules/CheckFunctionExists.c
Linking C executable cmTC_66028
/usr/bin/cmake -E cmake_link_script CMakeFiles/cmTC_66028.dir/link.txt --verbose=1
/usr/bin/cc  -DCHECK_FUNCTION_EXISTS=pthread_create -rdynamic CMakeFiles/cmTC_66028.dir/CheckFunctionExists.c.o -o cmTC_66028  -lpthreads 
/usr/bin/ld: cannot find -lpthreads
collect2: error: ld returned 1 exit status
CMakeFiles/cmTC_66028.dir/build.make:105: recipe for target 'cmTC_66028' failed
make[1]: *** [cmTC_66028] Error 1
make[1]: Leaving directory '/home/andressa/Documents/TCC-Andressa/ROS/workspace/build/roboticsgroup_gazebo_plugins/CMakeFiles/CMakeTmp'
Makefile:140: recipe for target 'cmTC_66028/fast' failed
make: *** [cmTC_66028/fast] Error 2



